<?xml version="1.0" encoding="UTF-8"?>
<!-- Generated by org.testng.reporters.JUnitReportReporter -->
<testsuite skipped="0" hostname="RNAGALLI-JVPVW" name="SecondClass" tests="2" failures="0" timestamp="2020-02-26T17:28:31 IST" time="0.010" errors="0">
  <testcase name="SignOut" time="0.001" classname="SecondClass"/>
  <testcase name="Login" time="0.009" classname="SecondClass"/>
</testsuite> <!-- SecondClass -->
