<?xml version="1.0" encoding="UTF-8"?>
<!-- Generated by org.testng.reporters.JUnitReportReporter -->
<testsuite skipped="0" hostname="RNAGALLI-JVPVW" name="Test.FirstClass" tests="1" failures="0" timestamp="2020-02-26T19:17:02 IST" time="14.560" errors="0">
  <testcase name="Demo" time="14.560" classname="Test.FirstClass"/>
</testsuite> <!-- Test.FirstClass -->
