<?xml version="1.0" encoding="UTF-8"?>
<!-- Generated by org.testng.reporters.JUnitReportReporter -->
<testsuite skipped="0" hostname="RNAGALLI-JVPVW" name="Today.Project" tests="2" failures="0" timestamp="2020-04-18T21:28:20 IST" time="0.006" errors="0">
  <testcase name="Fourth" time="0.004" classname="Today.Project"/>
  <testcase name="Third" time="0.002" classname="Today.Project"/>
</testsuite> <!-- Today.Project -->
