<?xml version="1.0" encoding="UTF-8"?>
<!-- Generated by org.testng.reporters.JUnitReportReporter -->
<testsuite skipped="0" hostname="RNAGALLI-JVPVW" name="TestXML.Validation" tests="1" failures="0" timestamp="2020-03-19T00:00:15 IST" time="0.028" errors="0">
  <testcase name="unitLevel" time="0.028" classname="TestXML.Validation"/>
</testsuite> <!-- TestXML.Validation -->
