<?xml version="1.0" encoding="UTF-8"?>
<!-- Generated by org.testng.reporters.JUnitReportReporter -->
<testsuite skipped="0" hostname="RNAGALLI-JVPVW" name="Test.Test2" tests="2" failures="0" timestamp="2020-05-09T13:01:28 IST" time="0.002" errors="0">
  <testcase name="TestC" time="0.001" classname="Test.Test2"/>
  <testcase name="TestD" time="0.001" classname="Test.Test2"/>
</testsuite> <!-- Test.Test2 -->
