<?xml version="1.0" encoding="UTF-8"?>
<!-- Generated by org.testng.reporters.JUnitReportReporter -->
<testsuite skipped="0" hostname="RNAGALLI-JVPVW" name="FirstClass" tests="1" failures="0" timestamp="2020-02-16T17:26:05 IST" time="0.013" errors="0">
  <testcase name="Demo" time="0.013" classname="FirstClass"/>
</testsuite> <!-- FirstClass -->
