<?xml version="1.0" encoding="UTF-8"?>
<!-- Generated by org.testng.reporters.JUnitReportReporter -->
<testsuite skipped="0" hostname="RNAGALLI-JVPVW" name="Test.SecondClass" tests="2" failures="0" timestamp="2020-02-26T19:17:02 IST" time="0.008" errors="0">
  <testcase name="SignOut" time="0.005" classname="Test.SecondClass"/>
  <testcase name="Login" time="0.003" classname="Test.SecondClass"/>
</testsuite> <!-- Test.SecondClass -->
