<?xml version="1.0" encoding="UTF-8"?>
<!-- Generated by org.testng.reporters.JUnitReportReporter -->
<testsuite skipped="0" hostname="RNAGALLI-JVPVW" name="TestXML.Verification" tests="1" failures="0" timestamp="2020-03-19T00:00:16 IST" time="0.010" errors="0">
  <testcase name="unitLevel" time="0.010" classname="TestXML.Verification"/>
</testsuite> <!-- TestXML.Verification -->
