<?xml version="1.0" encoding="UTF-8"?>
<!-- Generated by org.testng.reporters.JUnitReportReporter -->
<testsuite skipped="0" hostname="RNAGALLI-JVPVW" name="Today.FirstProject" tests="1" failures="0" timestamp="2020-04-13T23:49:51 IST" time="1.264" errors="0">
  <testcase name="Page" time="1.264" classname="Today.FirstProject"/>
</testsuite> <!-- Today.FirstProject -->
